[freesmile-sound.ru/index.html]
[backblue.gif]
[fade.gif]
[index.html]
[static.tildacdn.info/tild3735-6338-4335-b864-643239643834/-/resize/504x/Music-Modernization-.jpg]
[neo.tildacdn.com/js/tilda-fallback-1.0.min.js]
[static.tildacdn.info/css/tilda-grid-3.0.min.css]
[freesmile-sound.ru/tilda-blocks-page33826957.min9f17.css]
[static.tildacdn.info/css/tilda-cover-1.0.min.css]
[static.tildacdn.info/css/tilda-slds-1.4.min.css]
[static.tildacdn.info/css/fonts-tildasans.css]
[static.tildacdn.info/js/tilda-polyfill-1.0.min.js]
[static.tildacdn.info/js/tilda-scripts-3.0.min.js]
[freesmile-sound.ru/tilda-blocks-page33826957.min9f17.js]
[static.tildacdn.info/js/lazyload-1.3.min.js]
[static.tildacdn.info/js/tilda-cover-1.0.min.js]
[static.tildacdn.info/js/tilda-slds-1.4.min.js]
[static.tildacdn.info/js/hammer.min.js]
[static.tildacdn.info/js/tilda-t937-videoplaylist-1.0.min.js]
[static.tildacdn.info/js/tilda-events-1.0.min.js]
[static.tildacdn.info/tild3735-6338-4335-b864-643239643834/-/resize/20x/Music-Modernization-.jpg]
[static.tildacdn.info/tild3735-6338-4335-b864-643239643834/Music-Modernization-.jpg]
[static.tildacdn.info/tild6333-3532-4235-b530-646539663731/fotor_2023-2-5_22_20.png]
[static.tildacdn.info/tild6333-3532-4235-b530-646539663731/-/empty/fotor_2023-2-5_22_20.png]
[static.tildacdn.info/tild6436-6366-4062-b236-386136666333/-/resizeb/20x/maxresdefault.jpg]
[static.tildacdn.info/tild6436-6366-4062-b236-386136666333/maxresdefault.jpg]
[static.tildacdn.info/tild6661-3264-4165-a662-366563383461/fmod.png]
[static.tildacdn.info/tild6661-3264-4165-a662-366563383461/-/resizeb/20x/fmod.png]
[static.tildacdn.info/tild3135-3430-4435-b436-623338646639/4756cb62229575Y3JvcC.jpg]
[static.tildacdn.info/tild3135-3430-4435-b436-623338646639/-/resizeb/20x/4756cb62229575Y3JvcC.jpg]
[static.tildacdn.info/tild3934-6562-4461-a564-653564376363/-/resizeb/20x/9b0393efcc065eaefc10.png]
[static.tildacdn.info/tild3934-6562-4461-a564-653564376363/9b0393efcc065eaefc10.png]
[static.tildacdn.info/tild3763-3030-4630-b765-393131343764/cubase-768x768.jpg]
[static.tildacdn.info/tild3763-3030-4630-b765-393131343764/-/resizeb/20x/cubase-768x768.jpg]
[static.tildacdn.info/tild6336-3461-4631-b032-336533383230/FLLLL.png]
[static.tildacdn.info/tild6336-3461-4631-b032-336533383230/-/resizeb/20x/FLLLL.png]
[static.tildacdn.info/img/tildacopy.png]
[freesmile-sound.ru/index.html]
[static.tildacdn.info/css/tilda-grid-3.0.min.css]
[freesmile-sound.ru/tilda-blocks-page33826957.min9f17.css]
[static.tildacdn.info/css/tilda-cover-1.0.min.css]
[static.tildacdn.info/css/tilda-slds-1.4.min.css]
[static.tildacdn.info/css/fonts-tildasans.css]
[freesmile-sound.ru/lib/tildaicon/index.html]
[freesmile-sound.ru/GET.html]
[static.tildacdn.info/js/tilda-stat-1.0.min.js]
